2025-05-24 22:43:31.443 | INFO     | app:<module>:25 - Application starting...
2025-05-24 22:43:31.443 | INFO     | app:<module>:47 - Loading label mapping...
2025-05-24 22:43:31.444 | ERROR    | app:<module>:51 - label_map.json not found at D:\Prajwal\Email Intent classification\model\label_map.json. Ensure the file exists in app/model/.
2025-05-24 22:43:43.025 | INFO     | app:<module>:25 - Application starting...
2025-05-24 22:43:43.026 | INFO     | app:<module>:47 - Loading label mapping...
2025-05-24 22:43:43.026 | ERROR    | app:<module>:51 - label_map.json not found at D:\Prajwal\Email Intent classification\model\label_map.json. Ensure the file exists in app/model/.
2025-05-24 22:44:35.310 | INFO     | app:<module>:25 - Application starting...
2025-05-24 22:44:35.350 | INFO     | app:<module>:47 - Loading label mapping...
2025-05-24 22:44:35.351 | ERROR    | app:<module>:51 - label_map.json not found at D:\Prajwal\Email Intent classification\model\label_map.json. Ensure the file exists in app/model/.
2025-05-24 22:45:47.420 | INFO     | app:<module>:25 - Application starting...
2025-05-24 22:45:47.420 | INFO     | app:<module>:47 - Loading label mapping...
2025-05-24 22:45:47.420 | INFO     | app:<module>:47 - Loading label mapping...
2025-05-24 22:45:47.421 | INFO     | app:<module>:65 - Label mapping loaded. 8 labels: ['Intent_Amendment_Abstraction', 'Intent_Clause_Protect', 'Intent_Company_research', 'Intent_Comparison_LOI_Lease', 'Intent_Lease_Abstraction', 'Intent_Lease_Listings_Comparison', 'Intent_Sales_Listings_Comparison', 'Intent_Transaction_Date_navigator']
2025-05-24 22:45:47.421 | INFO     | app:<module>:65 - Label mapping loaded. 8 labels: ['Intent_Amendment_Abstraction', 'Intent_Clause_Protect', 'Intent_Company_research', 'Intent_Comparison_LOI_Lease', 'Intent_Lease_Abstraction', 'Intent_Lease_Listings_Comparison', 'Intent_Sales_Listings_Comparison', 'Intent_Transaction_Date_navigator']
2025-05-24 22:45:47.422 | INFO     | app:<module>:68 - FastAPI app initialized.
2025-05-24 22:45:47.422 | INFO     | app:<module>:68 - FastAPI app initialized.
2025-05-24 22:45:47.422 | INFO     | app:<module>:80 - Loading model and tokenizer...
2025-05-24 22:45:47.422 | INFO     | app:<module>:80 - Loading model and tokenizer...
2025-05-24 22:45:47.423 | ERROR    | app:<module>:84 - Model directory not found at D:\Prajwal\Email Intent classification\model. Ensure the model is trained and saved to app/model/.
2025-05-24 22:45:47.423 | ERROR    | app:<module>:84 - Model directory not found at D:\Prajwal\Email Intent classification\model. Ensure the model is trained and saved to app/model/.
2025-05-24 22:47:34.883 | INFO     | app:<module>:25 - Application starting...
2025-05-24 22:47:34.884 | INFO     | app:<module>:47 - Loading label mapping...
2025-05-24 22:47:34.884 | INFO     | app:<module>:65 - Label mapping loaded. 8 labels: ['Intent_Amendment_Abstraction', 'Intent_Clause_Protect', 'Intent_Company_research', 'Intent_Comparison_LOI_Lease', 'Intent_Lease_Abstraction', 'Intent_Lease_Listings_Comparison', 'Intent_Sales_Listings_Comparison', 'Intent_Transaction_Date_navigator']
2025-05-24 22:47:34.884 | INFO     | app:<module>:25 - Application starting...
2025-05-24 22:47:34.885 | INFO     | app:<module>:68 - FastAPI app initialized.
2025-05-24 22:47:34.885 | INFO     | app:<module>:47 - Loading label mapping...
2025-05-24 22:47:34.885 | INFO     | app:<module>:80 - Loading model and tokenizer...
2025-05-24 22:47:34.886 | INFO     | app:<module>:65 - Label mapping loaded. 8 labels: ['Intent_Amendment_Abstraction', 'Intent_Clause_Protect', 'Intent_Company_research', 'Intent_Comparison_LOI_Lease', 'Intent_Lease_Abstraction', 'Intent_Lease_Listings_Comparison', 'Intent_Sales_Listings_Comparison', 'Intent_Transaction_Date_navigator']
2025-05-24 22:47:34.886 | ERROR    | app:<module>:84 - Model directory not found at D:\Prajwal\Email Intent classification\outputs/checkpoint-80. Ensure the model is trained and saved to app/model/.
2025-05-24 22:47:34.887 | INFO     | app:<module>:68 - FastAPI app initialized.
2025-05-24 22:47:34.887 | INFO     | app:<module>:80 - Loading model and tokenizer...
2025-05-24 22:47:34.888 | ERROR    | app:<module>:84 - Model directory not found at D:\Prajwal\Email Intent classification\outputs/checkpoint-80. Ensure the model is trained and saved to app/model/.
2025-05-24 22:47:46.809 | INFO     | app:<module>:25 - Application starting...
2025-05-24 22:47:46.809 | INFO     | app:<module>:47 - Loading label mapping...
2025-05-24 22:47:46.810 | INFO     | app:<module>:65 - Label mapping loaded. 8 labels: ['Intent_Amendment_Abstraction', 'Intent_Clause_Protect', 'Intent_Company_research', 'Intent_Comparison_LOI_Lease', 'Intent_Lease_Abstraction', 'Intent_Lease_Listings_Comparison', 'Intent_Sales_Listings_Comparison', 'Intent_Transaction_Date_navigator']
2025-05-24 22:47:46.811 | INFO     | app:<module>:68 - FastAPI app initialized.
2025-05-24 22:47:46.811 | INFO     | app:<module>:80 - Loading model and tokenizer...
2025-05-24 22:47:46.811 | INFO     | app:<module>:88 - Using device: cpu
2025-05-24 22:47:46.819 | INFO     | app:<module>:25 - Application starting...
2025-05-24 22:47:46.820 | INFO     | app:<module>:47 - Loading label mapping...
2025-05-24 22:47:46.821 | INFO     | app:<module>:65 - Label mapping loaded. 8 labels: ['Intent_Amendment_Abstraction', 'Intent_Clause_Protect', 'Intent_Company_research', 'Intent_Comparison_LOI_Lease', 'Intent_Lease_Abstraction', 'Intent_Lease_Listings_Comparison', 'Intent_Sales_Listings_Comparison', 'Intent_Transaction_Date_navigator']
2025-05-24 22:47:46.821 | INFO     | app:<module>:68 - FastAPI app initialized.
2025-05-24 22:47:46.822 | INFO     | app:<module>:80 - Loading model and tokenizer...
2025-05-24 22:47:46.822 | INFO     | app:<module>:88 - Using device: cpu
2025-05-24 22:47:54.097 | INFO     | app:<module>:100 - Model and tokenizer loaded successfully.
2025-05-24 22:47:54.097 | INFO     | app:<module>:100 - Model and tokenizer loaded successfully.
2025-05-24 22:48:05.654 | INFO     | app:<module>:25 - Application starting...
2025-05-24 22:48:05.654 | INFO     | app:<module>:47 - Loading label mapping...
2025-05-24 22:48:05.654 | INFO     | app:<module>:65 - Label mapping loaded. 8 labels: ['Intent_Amendment_Abstraction', 'Intent_Clause_Protect', 'Intent_Company_research', 'Intent_Comparison_LOI_Lease', 'Intent_Lease_Abstraction', 'Intent_Lease_Listings_Comparison', 'Intent_Sales_Listings_Comparison', 'Intent_Transaction_Date_navigator']
2025-05-24 22:48:05.655 | INFO     | app:<module>:68 - FastAPI app initialized.
2025-05-24 22:48:05.655 | INFO     | app:<module>:80 - Loading model and tokenizer...
2025-05-24 22:48:05.655 | INFO     | app:<module>:88 - Using device: cpu
2025-05-24 22:48:05.656 | INFO     | app:<module>:25 - Application starting...
2025-05-24 22:48:05.656 | INFO     | app:<module>:47 - Loading label mapping...
2025-05-24 22:48:05.657 | INFO     | app:<module>:65 - Label mapping loaded. 8 labels: ['Intent_Amendment_Abstraction', 'Intent_Clause_Protect', 'Intent_Company_research', 'Intent_Comparison_LOI_Lease', 'Intent_Lease_Abstraction', 'Intent_Lease_Listings_Comparison', 'Intent_Sales_Listings_Comparison', 'Intent_Transaction_Date_navigator']
2025-05-24 22:48:05.658 | INFO     | app:<module>:68 - FastAPI app initialized.
2025-05-24 22:48:05.658 | INFO     | app:<module>:80 - Loading model and tokenizer...
2025-05-24 22:48:05.658 | INFO     | app:<module>:88 - Using device: cpu
2025-05-24 22:48:10.227 | INFO     | app:<module>:100 - Model and tokenizer loaded successfully.
2025-05-24 22:48:10.229 | INFO     | app:<module>:100 - Model and tokenizer loaded successfully.
2025-05-24 22:49:26.559 | INFO     | app:read_root:114 - Root HTML page requested.
2025-05-24 22:49:52.110 | INFO     | app:predict:129 - Prediction endpoint called with email: Hey,\nI’m reviewing the lease on the 3rd Avenue pr...
2025-05-24 22:49:52.408 | INFO     | app:predict:154 - Prediction successful. Intents: ['Intent_Clause_Protect']
2025-05-24 22:50:08.571 | INFO     | app:read_root:114 - Root HTML page requested.
2025-05-24 22:50:10.774 | INFO     | app:predict:129 - Prediction endpoint called with email: Hey,\nI’m reviewing the lease on the 3rd Avenue pr...
2025-05-24 22:50:10.970 | INFO     | app:predict:154 - Prediction successful. Intents: ['Intent_Clause_Protect']
2025-05-24 22:50:45.569 | INFO     | app:predict:129 - Prediction endpoint called with email: Hey,
I’m reviewing the lease on the 3rd Avenue pro...
2025-05-24 22:50:45.851 | INFO     | app:predict:154 - Prediction successful. Intents: ['Intent_Clause_Protect']
2025-05-24 22:52:14.274 | INFO     | app:<module>:25 - Application starting...
2025-05-24 22:52:14.275 | INFO     | app:<module>:47 - Loading label mapping...
2025-05-24 22:52:14.275 | INFO     | app:<module>:65 - Label mapping loaded. 8 labels: ['Intent_Amendment_Abstraction', 'Intent_Clause_Protect', 'Intent_Company_research', 'Intent_Comparison_LOI_Lease', 'Intent_Lease_Abstraction', 'Intent_Lease_Listings_Comparison', 'Intent_Sales_Listings_Comparison', 'Intent_Transaction_Date_navigator']
2025-05-24 22:52:14.276 | INFO     | app:<module>:68 - FastAPI app initialized.
2025-05-24 22:52:14.276 | INFO     | app:<module>:80 - Loading model and tokenizer...
2025-05-24 22:52:14.277 | INFO     | app:<module>:88 - Using device: cpu
2025-05-24 22:52:19.844 | INFO     | app:<module>:100 - Model and tokenizer loaded successfully.
2025-05-24 22:52:47.085 | INFO     | app:<module>:25 - Application starting...
2025-05-24 22:52:47.085 | INFO     | app:<module>:47 - Loading label mapping...
2025-05-24 22:52:47.086 | INFO     | app:<module>:65 - Label mapping loaded. 8 labels: ['Intent_Amendment_Abstraction', 'Intent_Clause_Protect', 'Intent_Company_research', 'Intent_Comparison_LOI_Lease', 'Intent_Lease_Abstraction', 'Intent_Lease_Listings_Comparison', 'Intent_Sales_Listings_Comparison', 'Intent_Transaction_Date_navigator']
2025-05-24 22:52:47.087 | INFO     | app:<module>:68 - FastAPI app initialized.
2025-05-24 22:52:47.087 | INFO     | app:<module>:80 - Loading model and tokenizer...
2025-05-24 22:52:47.088 | INFO     | app:<module>:88 - Using device: cpu
2025-05-24 22:52:51.313 | INFO     | app:<module>:100 - Model and tokenizer loaded successfully.
2025-05-24 22:53:01.375 | INFO     | app:read_root:114 - Root HTML page requested.
2025-05-24 22:53:06.770 | INFO     | app:predict:129 - Prediction endpoint called with email: Hey,\nI’m reviewing the lease on the 3rd Avenue pr...
2025-05-24 22:53:07.098 | INFO     | app:predict:154 - Prediction successful. Intents: ['Intent_Clause_Protect']
2025-05-24 22:54:20.164 | INFO     | app:predict:129 - Prediction endpoint called with email: Hi team,

Could you please assist with two urgent ...
2025-05-24 22:54:20.467 | INFO     | app:predict:154 - Prediction successful. Intents: []
2025-05-24 22:59:35.419 | INFO     | app:<module>:25 - Application starting...
2025-05-24 22:59:35.419 | INFO     | app:<module>:47 - Loading label mapping...
2025-05-24 22:59:35.420 | INFO     | app:<module>:72 - Label mapping loaded. 8 labels: ['Intent_Amendment_Abstraction', 'Intent_Clause_Protect', 'Intent_Company_research', 'Intent_Comparison_LOI_Lease', 'Intent_Lease_Abstraction', 'Intent_Lease_Listings_Comparison', 'Intent_Sales_Listings_Comparison', 'Intent_Transaction_Date_navigator']
2025-05-24 22:59:35.421 | INFO     | app:<module>:75 - FastAPI app initialized.
2025-05-24 22:59:35.422 | INFO     | app:<module>:87 - Loading model and tokenizer...
2025-05-24 22:59:35.422 | INFO     | app:<module>:97 - Using device: cpu
2025-05-24 22:59:39.846 | INFO     | app:<module>:109 - Model and tokenizer loaded successfully.
2025-05-24 22:59:39.847 | INFO     | app:<module>:112 - Loaded model's configured num_labels: 8
2025-05-24 22:59:39.847 | INFO     | app:<module>:113 - num_labels from label_map: 8
2025-05-24 23:00:01.674 | INFO     | app:read_root:135 - Root HTML page requested.
2025-05-24 23:00:03.929 | INFO     | app:predict:150 - Prediction endpoint called with email: Hi team,

Could you please assist with two urgent ...
2025-05-24 23:00:04.589 | INFO     | app:predict:181 - Prediction successful. Intents: []
2025-05-24 23:04:26.052 | INFO     | app:predict:150 - Prediction endpoint called with email: Hi team,Could you please assist with two urgent re...
2025-05-24 23:04:26.321 | INFO     | app:predict:181 - Prediction successful. Intents: []
2025-05-24 23:07:35.236 | INFO     | app:<module>:25 - Application starting...
2025-05-24 23:07:35.237 | INFO     | app:<module>:47 - Loading label mapping...
2025-05-24 23:07:35.238 | INFO     | app:<module>:72 - Label mapping loaded. 8 labels: ['Intent_Amendment_Abstraction', 'Intent_Clause_Protect', 'Intent_Company_research', 'Intent_Comparison_LOI_Lease', 'Intent_Lease_Abstraction', 'Intent_Lease_Listings_Comparison', 'Intent_Sales_Listings_Comparison', 'Intent_Transaction_Date_navigator']
2025-05-24 23:07:35.239 | INFO     | app:<module>:75 - FastAPI app initialized.
2025-05-24 23:07:35.240 | INFO     | app:<module>:87 - Loading model and tokenizer...
2025-05-24 23:07:35.241 | INFO     | app:<module>:97 - Using device: cpu
2025-05-24 23:07:39.651 | INFO     | app:<module>:109 - Model and tokenizer loaded successfully.
2025-05-24 23:07:39.652 | INFO     | app:<module>:112 - Loaded model's configured num_labels: 8
2025-05-24 23:07:39.652 | INFO     | app:<module>:113 - num_labels from label_map: 8
2025-05-24 23:07:56.797 | INFO     | app:<module>:25 - Application starting...
2025-05-24 23:07:56.797 | INFO     | app:<module>:47 - Loading label mapping...
2025-05-24 23:07:56.798 | INFO     | app:<module>:72 - Label mapping loaded. 8 labels: ['Intent_Amendment_Abstraction', 'Intent_Clause_Protect', 'Intent_Company_research', 'Intent_Comparison_LOI_Lease', 'Intent_Lease_Abstraction', 'Intent_Lease_Listings_Comparison', 'Intent_Sales_Listings_Comparison', 'Intent_Transaction_Date_navigator']
2025-05-24 23:07:56.799 | INFO     | app:<module>:75 - FastAPI app initialized.
2025-05-24 23:07:56.799 | INFO     | app:<module>:87 - Loading model and tokenizer...
2025-05-24 23:07:56.800 | INFO     | app:<module>:97 - Using device: cpu
2025-05-24 23:08:01.079 | INFO     | app:<module>:109 - Model and tokenizer loaded successfully.
2025-05-24 23:08:01.079 | INFO     | app:<module>:112 - Loaded model's configured num_labels: 8
2025-05-24 23:08:01.080 | INFO     | app:<module>:113 - num_labels from label_map: 8
2025-05-24 23:08:07.673 | INFO     | app:predict:150 - Prediction endpoint called with email: Hi team,Could you please assist with two urgent re...
2025-05-24 23:08:08.045 | INFO     | app:predict:181 - Prediction successful. Intents: ['Intent_Clause_Protect']
2025-05-24 23:09:39.321 | INFO     | app:predict:150 - Prediction endpoint called with email: Subject: Action Required: Lease Review and Company...
2025-05-24 23:09:39.665 | INFO     | app:predict:181 - Prediction successful. Intents: ['Intent_Comparison_LOI_Lease']
2025-05-24 23:10:16.465 | INFO     | app:predict:150 - Prediction endpoint called with email: Subject: Urgent: Multiple Property & Company Revie...
2025-05-24 23:10:16.779 | INFO     | app:predict:181 - Prediction successful. Intents: []
2025-05-24 23:12:18.600 | INFO     | app:<module>:25 - Application starting...
2025-05-24 23:12:18.600 | WARNING  | app:<module>:32 - Templates directory not found at D:\Prajwal\Email Intent classification\templates. Creating it.
2025-05-24 23:12:18.601 | INFO     | app:<module>:35 - Successfully created templates directory: D:\Prajwal\Email Intent classification\templates
2025-05-24 23:12:18.603 | INFO     | app:<module>:47 - Loading label mapping...
2025-05-24 23:12:18.603 | ERROR    | app:<module>:58 - label_map.json not found at D:\Prajwal\Email Intent classification\label_map.json. Ensure the file exists at this location.
2025-05-24 23:12:53.104 | INFO     | app:<module>:25 - Application starting...
2025-05-24 23:12:53.106 | INFO     | app:<module>:35 - Loading label mapping...
2025-05-24 23:12:53.109 | ERROR    | app:<module>:46 - label_map.json not found at D:\Prajwal\Email Intent classification\label_map.json. Ensure the file exists at this location.
2025-05-24 23:12:59.874 | INFO     | app:<module>:25 - Application starting...
2025-05-24 23:12:59.874 | INFO     | app:<module>:35 - Loading label mapping...
2025-05-24 23:12:59.875 | ERROR    | app:<module>:46 - label_map.json not found at D:\Prajwal\Email Intent classification\label_map.json. Ensure the file exists at this location.
2025-05-24 23:13:10.998 | INFO     | app:<module>:25 - Application starting...
2025-05-24 23:13:10.998 | INFO     | app:<module>:35 - Loading label mapping...
2025-05-24 23:13:10.999 | ERROR    | app:<module>:46 - label_map.json not found at D:\Prajwal\Email Intent classification\app/label_map.json. Ensure the file exists at this location.
2025-05-24 23:13:16.190 | INFO     | app:<module>:25 - Application starting...
2025-05-24 23:13:16.190 | INFO     | app:<module>:35 - Loading label mapping...
2025-05-24 23:13:16.190 | INFO     | app:<module>:60 - Label mapping loaded. 8 labels: ['Intent_Amendment_Abstraction', 'Intent_Clause_Protect', 'Intent_Company_research', 'Intent_Comparison_LOI_Lease', 'Intent_Lease_Abstraction', 'Intent_Lease_Listings_Comparison', 'Intent_Sales_Listings_Comparison', 'Intent_Transaction_Date_navigator']
2025-05-24 23:13:16.191 | INFO     | app:<module>:63 - FastAPI app initialized.
2025-05-24 23:13:16.192 | INFO     | app:<module>:75 - Loading model and tokenizer...
2025-05-24 23:13:16.192 | ERROR    | app:<module>:81 - Model directory not found at D:\Prajwal\Email Intent classification\outputs/checkpoint-320. Ensure the model is trained and saved correctly to this path.
2025-05-24 23:13:27.345 | INFO     | app:<module>:25 - Application starting...
2025-05-24 23:13:27.347 | INFO     | app:<module>:35 - Loading label mapping...
2025-05-24 23:13:27.348 | INFO     | app:<module>:60 - Label mapping loaded. 8 labels: ['Intent_Amendment_Abstraction', 'Intent_Clause_Protect', 'Intent_Company_research', 'Intent_Comparison_LOI_Lease', 'Intent_Lease_Abstraction', 'Intent_Lease_Listings_Comparison', 'Intent_Sales_Listings_Comparison', 'Intent_Transaction_Date_navigator']
2025-05-24 23:13:27.349 | INFO     | app:<module>:63 - FastAPI app initialized.
2025-05-24 23:13:27.350 | INFO     | app:<module>:75 - Loading model and tokenizer...
2025-05-24 23:13:27.351 | INFO     | app:<module>:85 - Using device: cpu
2025-05-24 23:13:32.133 | INFO     | app:<module>:97 - Model and tokenizer loaded successfully.
2025-05-24 23:13:32.134 | INFO     | app:<module>:100 - Loaded model's configured num_labels: 8
2025-05-24 23:13:32.135 | INFO     | app:<module>:101 - num_labels from label_map: 8
2025-05-24 23:13:43.381 | INFO     | app:<module>:25 - Application starting...
2025-05-24 23:13:43.382 | INFO     | app:<module>:35 - Loading label mapping...
2025-05-24 23:13:43.384 | INFO     | app:<module>:60 - Label mapping loaded. 8 labels: ['Intent_Amendment_Abstraction', 'Intent_Clause_Protect', 'Intent_Company_research', 'Intent_Comparison_LOI_Lease', 'Intent_Lease_Abstraction', 'Intent_Lease_Listings_Comparison', 'Intent_Sales_Listings_Comparison', 'Intent_Transaction_Date_navigator']
2025-05-24 23:13:43.386 | INFO     | app:<module>:63 - FastAPI app initialized.
2025-05-24 23:13:43.386 | INFO     | app:<module>:75 - Loading model and tokenizer...
2025-05-24 23:13:43.386 | INFO     | app:<module>:85 - Using device: cpu
2025-05-24 23:13:48.601 | INFO     | app:<module>:97 - Model and tokenizer loaded successfully.
2025-05-24 23:13:48.602 | INFO     | app:<module>:100 - Loaded model's configured num_labels: 8
2025-05-24 23:13:48.602 | INFO     | app:<module>:101 - num_labels from label_map: 8
2025-05-24 23:13:55.055 | INFO     | app:<module>:25 - Application starting...
2025-05-24 23:13:55.056 | INFO     | app:<module>:35 - Loading label mapping...
2025-05-24 23:13:55.058 | INFO     | app:<module>:60 - Label mapping loaded. 8 labels: ['Intent_Amendment_Abstraction', 'Intent_Clause_Protect', 'Intent_Company_research', 'Intent_Comparison_LOI_Lease', 'Intent_Lease_Abstraction', 'Intent_Lease_Listings_Comparison', 'Intent_Sales_Listings_Comparison', 'Intent_Transaction_Date_navigator']
2025-05-24 23:13:55.059 | INFO     | app:<module>:63 - FastAPI app initialized.
2025-05-24 23:13:55.060 | INFO     | app:<module>:75 - Loading model and tokenizer...
2025-05-24 23:13:55.063 | INFO     | app:<module>:85 - Using device: cpu
2025-05-24 23:13:59.961 | INFO     | app:<module>:97 - Model and tokenizer loaded successfully.
2025-05-24 23:13:59.963 | INFO     | app:<module>:100 - Loaded model's configured num_labels: 8
2025-05-24 23:13:59.964 | INFO     | app:<module>:101 - num_labels from label_map: 8
2025-05-24 23:17:32.508 | INFO     | app:<module>:26 - Application starting...
2025-05-24 23:17:32.508 | INFO     | app:<module>:36 - Loading label mapping...
2025-05-24 23:17:32.509 | ERROR    | app:<module>:47 - label_map.json not found at D:\Prajwal\Email Intent classification\app/constants/label_map.json. Ensure the file exists at this location.
2025-05-24 23:17:53.582 | INFO     | app:<module>:26 - Application starting...
2025-05-24 23:17:53.583 | INFO     | app:<module>:36 - Loading label mapping...
2025-05-24 23:17:53.584 | ERROR    | app:<module>:47 - label_map.json not found at D:\Prajwal\Email Intent classification\app/constants/label_map.json. Ensure the file exists at this location.
2025-05-24 23:18:30.778 | INFO     | app:<module>:26 - Application starting...
2025-05-24 23:18:30.779 | INFO     | app:<module>:36 - Loading label mapping...
2025-05-24 23:18:30.780 | INFO     | app:<module>:61 - Label mapping loaded. 8 labels: ['Intent_Amendment_Abstraction', 'Intent_Clause_Protect', 'Intent_Company_research', 'Intent_Comparison_LOI_Lease', 'Intent_Lease_Abstraction', 'Intent_Lease_Listings_Comparison', 'Intent_Sales_Listings_Comparison', 'Intent_Transaction_Date_navigator']
2025-05-24 23:18:30.782 | INFO     | app:<module>:64 - FastAPI app initialized.
2025-05-24 23:18:30.783 | INFO     | app:<module>:76 - Loading model and tokenizer...
2025-05-24 23:18:30.784 | INFO     | app:<module>:86 - Using device: cpu
2025-05-24 23:18:37.992 | INFO     | app:<module>:98 - Model and tokenizer loaded successfully.
2025-05-24 23:18:37.992 | INFO     | app:<module>:101 - Loaded model's configured num_labels: 8
2025-05-24 23:18:37.993 | INFO     | app:<module>:102 - num_labels from label_map: 8
2025-05-24 23:18:50.757 | INFO     | app:<module>:26 - Application starting...
2025-05-24 23:18:50.759 | INFO     | app:<module>:36 - Loading label mapping...
2025-05-24 23:18:50.760 | INFO     | app:<module>:61 - Label mapping loaded. 8 labels: ['Intent_Amendment_Abstraction', 'Intent_Clause_Protect', 'Intent_Company_research', 'Intent_Comparison_LOI_Lease', 'Intent_Lease_Abstraction', 'Intent_Lease_Listings_Comparison', 'Intent_Sales_Listings_Comparison', 'Intent_Transaction_Date_navigator']
2025-05-24 23:18:50.761 | INFO     | app:<module>:64 - FastAPI app initialized.
2025-05-24 23:18:50.762 | INFO     | app:<module>:76 - Loading model and tokenizer...
2025-05-24 23:18:50.762 | INFO     | app:<module>:86 - Using device: cpu
2025-05-24 23:18:57.991 | INFO     | app:<module>:98 - Model and tokenizer loaded successfully.
2025-05-24 23:18:57.993 | INFO     | app:<module>:101 - Loaded model's configured num_labels: 8
2025-05-24 23:18:57.993 | INFO     | app:<module>:102 - num_labels from label_map: 8
2025-05-24 23:19:12.428 | INFO     | app:<module>:25 - Application starting...
2025-05-24 23:19:12.430 | INFO     | app:<module>:35 - Loading label mapping...
2025-05-24 23:19:12.432 | INFO     | app:<module>:60 - Label mapping loaded. 8 labels: ['Intent_Amendment_Abstraction', 'Intent_Clause_Protect', 'Intent_Company_research', 'Intent_Comparison_LOI_Lease', 'Intent_Lease_Abstraction', 'Intent_Lease_Listings_Comparison', 'Intent_Sales_Listings_Comparison', 'Intent_Transaction_Date_navigator']
2025-05-24 23:19:12.434 | INFO     | app:<module>:63 - FastAPI app initialized.
2025-05-24 23:19:12.434 | INFO     | app:<module>:75 - Loading model and tokenizer...
2025-05-24 23:19:12.437 | INFO     | app:<module>:85 - Using device: cpu
2025-05-24 23:19:19.405 | INFO     | app:<module>:97 - Model and tokenizer loaded successfully.
2025-05-24 23:19:19.407 | INFO     | app:<module>:100 - Loaded model's configured num_labels: 8
2025-05-24 23:19:19.407 | INFO     | app:<module>:101 - num_labels from label_map: 8
2025-05-24 23:19:46.060 | INFO     | app:read_root:114 - Root HTML page requested.
2025-05-24 23:19:52.354 | INFO     | app:predict:129 - Prediction endpoint called with email: Hey,\nI’m reviewing the lease on the 3rd Avenue pr...
2025-05-24 23:19:52.636 | INFO     | app:predict:160 - Prediction successful. Intents: ['Intent_Clause_Protect']
